# JRE version: OpenJDK Runtime Environment (21.0.6) (build 21.0.6+-13355223-b631.42)
# Java VM: OpenJDK 64-Bit Server VM (21.0.6+-13355223-b631.42, mixed mode, tiered, compressed oops, compressed class ptrs, g1 gc, windows-amd64)
GC Precious Log:
 CardTable entry size: 512
 Card Set container configuration: InlinePtr #cards 5 size 8 Array Of Cards #cards 12 size 40 Howl #buckets 4 coarsen threshold 1843 Howl Bitmap #cards 512 size 80 coarsen threshold 460 Card regions per heap region 1 cards per card region 2048
 CPUs: 12 total, 12 available
 Memory: 16087M
 Large Page Support: Disabled
 NUMA Support: Disabled
 Compressed Oops: Enabled (32-bit)
 Heap Region Size: 1M
 Heap Min Capacity: 8M
 Heap Initial Capacity: 252M
 Heap Max Capacity: 2G
 Pre-touch: Disabled
 Parallel Workers: 10
 Concurrent Workers: 3
 Concurrent Refinement Workers: 10
 Periodic GC: Disabled
Heap:
 garbage-first heap   total 82944K, used 60244K [0x0000000080000000, 0x0000000100000000)
  region size 1024K, 29 young (29696K), 3 survivors (3072K)
 Metaspace       used 52174K, committed 53696K, reserved 1114112K
  class space    used 7117K, committed 7872K, reserved 1048576K
GC Heap History (20 events):
Event: 0.401 GC heap before
{Heap before GC invocations=0 (full 0):
 garbage-first heap   total 258048K, used 22528K [0x0000000080000000, 0x0000000100000000)
  region size 1024K, 23 young (23552K), 0 survivors (0K)
 Metaspace       used 7968K, committed 8128K, reserved 1114112K
  class space    used 709K, committed 768K, reserved 1048576K
}
Event: 0.403 GC heap after
{Heap after GC invocations=1 (full 0):
 garbage-first heap   total 258048K, used 3609K [0x0000000080000000, 0x0000000100000000)
  region size 1024K, 3 young (3072K), 3 survivors (3072K)
 Metaspace       used 7968K, committed 8128K, reserved 1114112K
  class space    used 709K, committed 768K, reserved 1048576K
}
Event: 0.810 GC heap before
{Heap before GC invocations=1 (full 0):
 garbage-first heap   total 258048K, used 40473K [0x0000000080000000, 0x0000000100000000)
  region size 1024K, 37 young (37888K), 3 survivors (3072K)
 Metaspace       used 12113K, committed 12352K, reserved 1114112K
  class space    used 1272K, committed 1408K, reserved 1048576K
}
Event: 0.814 GC heap after
{Heap after GC invocations=2 (full 0):
 garbage-first heap   total 258048K, used 11345K [0x0000000080000000, 0x0000000100000000)
  region size 1024K, 5 young (5120K), 5 survivors (5120K)
 Metaspace       used 12113K, committed 12352K, reserved 1114112K
  class space    used 1272K, committed 1408K, reserved 1048576K
}
Event: 1.270 GC heap before
{Heap before GC invocations=2 (full 0):
 garbage-first heap   total 258048K, used 61521K [0x0000000080000000, 0x0000000100000000)
  region size 1024K, 52 young (53248K), 5 survivors (5120K)
 Metaspace       used 14243K, committed 14464K, reserved 1114112K
  class space    used 1557K, committed 1664K, reserved 1048576K
}
Event: 1.275 GC heap after
{Heap after GC invocations=3 (full 0):
 garbage-first heap   total 258048K, used 17391K [0x0000000080000000, 0x0000000100000000)
  region size 1024K, 6 young (6144K), 6 survivors (6144K)
 Metaspace       used 14243K, committed 14464K, reserved 1114112K
  class space    used 1557K, committed 1664K, reserved 1048576K
}
Event: 2.025 GC heap before
{Heap before GC invocations=3 (full 0):
 garbage-first heap   total 258048K, used 41967K [0x0000000080000000, 0x0000000100000000)
  region size 1024K, 31 young (31744K), 6 survivors (6144K)
 Metaspace       used 21192K, committed 21504K, reserved 1114112K
  class space    used 2438K, committed 2624K, reserved 1048576K
}
Event: 2.028 GC heap after
{Heap after GC invocations=4 (full 0):
 garbage-first heap   total 258048K, used 20436K [0x0000000080000000, 0x0000000100000000)
  region size 1024K, 9 young (9216K), 9 survivors (9216K)
 Metaspace       used 21192K, committed 21504K, reserved 1114112K
  class space    used 2438K, committed 2624K, reserved 1048576K
}
Event: 4.402 GC heap before
{Heap before GC invocations=5 (full 0):
 garbage-first heap   total 71680K, used 69588K [0x0000000080000000, 0x0000000100000000)
  region size 1024K, 58 young (59392K), 9 survivors (9216K)
 Metaspace       used 29223K, committed 29888K, reserved 1114112K
  class space    used 3720K, committed 4032K, reserved 1048576K
}
Event: 4.408 GC heap after
{Heap after GC invocations=6 (full 0):
 garbage-first heap   total 82944K, used 23189K [0x0000000080000000, 0x0000000100000000)
  region size 1024K, 11 young (11264K), 11 survivors (11264K)
 Metaspace       used 29223K, committed 29888K, reserved 1114112K
  class space    used 3720K, committed 4032K, reserved 1048576K
}
Event: 5.759 GC heap before
{Heap before GC invocations=6 (full 0):
 garbage-first heap   total 82944K, used 60053K [0x0000000080000000, 0x0000000100000000)
  region size 1024K, 48 young (49152K), 11 survivors (11264K)
 Metaspace       used 34375K, committed 35264K, reserved 1114112K
  class space    used 4577K, committed 4992K, reserved 1048576K
}
Event: 5.765 GC heap after
{Heap after GC invocations=7 (full 0):
 garbage-first heap   total 82944K, used 25289K [0x0000000080000000, 0x0000000100000000)
  region size 1024K, 6 young (6144K), 6 survivors (6144K)
 Metaspace       used 34375K, committed 35264K, reserved 1114112K
  class space    used 4577K, committed 4992K, reserved 1048576K
}
Event: 5.961 GC heap before
{Heap before GC invocations=7 (full 0):
 garbage-first heap   total 82944K, used 31433K [0x0000000080000000, 0x0000000100000000)
  region size 1024K, 13 young (13312K), 6 survivors (6144K)
 Metaspace       used 35124K, committed 35968K, reserved 1114112K
  class space    used 4697K, committed 5120K, reserved 1048576K
}
Event: 5.965 GC heap after
{Heap after GC invocations=8 (full 0):
 garbage-first heap   total 82944K, used 25714K [0x0000000080000000, 0x0000000100000000)
  region size 1024K, 4 young (4096K), 4 survivors (4096K)
 Metaspace       used 35124K, committed 35968K, reserved 1114112K
  class space    used 4697K, committed 5120K, reserved 1048576K
}
Event: 6.965 GC heap before
{Heap before GC invocations=9 (full 0):
 garbage-first heap   total 82944K, used 67698K [0x0000000080000000, 0x0000000100000000)
  region size 1024K, 46 young (47104K), 4 survivors (4096K)
 Metaspace       used 41034K, committed 42240K, reserved 1114112K
  class space    used 5622K, committed 6208K, reserved 1048576K
}
Event: 6.968 GC heap after
{Heap after GC invocations=10 (full 0):
 garbage-first heap   total 82944K, used 28533K [0x0000000080000000, 0x0000000100000000)
  region size 1024K, 6 young (6144K), 6 survivors (6144K)
 Metaspace       used 41034K, committed 42240K, reserved 1114112K
  class space    used 5622K, committed 6208K, reserved 1048576K
}
Event: 7.634 GC heap before
{Heap before GC invocations=10 (full 0):
 garbage-first heap   total 82944K, used 69493K [0x0000000080000000, 0x0000000100000000)
  region size 1024K, 47 young (48128K), 6 survivors (6144K)
 Metaspace       used 46676K, committed 48000K, reserved 1114112K
  class space    used 6226K, committed 6912K, reserved 1048576K
}
Event: 7.639 GC heap after
{Heap after GC invocations=11 (full 0):
 garbage-first heap   total 82944K, used 31566K [0x0000000080000000, 0x0000000100000000)
  region size 1024K, 6 young (6144K), 6 survivors (6144K)
 Metaspace       used 46676K, committed 48000K, reserved 1114112K
  class space    used 6226K, committed 6912K, reserved 1048576K
}
Event: 8.179 GC heap before
{Heap before GC invocations=11 (full 0):
 garbage-first heap   total 82944K, used 70478K [0x0000000080000000, 0x0000000100000000)
  region size 1024K, 44 young (45056K), 6 survivors (6144K)
 Metaspace       used 48779K, committed 50240K, reserved 1114112K
  class space    used 6576K, committed 7296K, reserved 1048576K
}
Event: 8.184 GC heap after
{Heap after GC invocations=12 (full 0):
 garbage-first heap   total 82944K, used 34644K [0x0000000080000000, 0x0000000100000000)
  region size 1024K, 3 young (3072K), 3 survivors (3072K)
 Metaspace       used 48779K, committed 50240K, reserved 1114112K
  class space    used 6576K, committed 7296K, reserved 1048576K
}

